Determining if the pthread_create exist failed with the following output:
Change Dir: /home/edwin/Documents/Projects/myworld/build/CMakeFiles/CMakeTmp

Run Build Command:"/usr/bin/make" "cmTC_fccf3/fast"
/usr/bin/make -f CMakeFiles/cmTC_fccf3.dir/build.make CMakeFiles/cmTC_fccf3.dir/build
make[1]: Entering directory '/home/edwin/Documents/Projects/myworld/build/CMakeFiles/CMakeTmp'
Building C object CMakeFiles/cmTC_fccf3.dir/CheckSymbolExists.c.o
/usr/bin/cc     -o CMakeFiles/cmTC_fccf3.dir/CheckSymbolExists.c.o   -c /home/edwin/Documents/Projects/myworld/build/CMakeFiles/CMakeTmp/CheckSymbolExists.c
Linking C executable cmTC_fccf3
/usr/bin/cmake -E cmake_link_script CMakeFiles/cmTC_fccf3.dir/link.txt --verbose=1
/usr/bin/cc       CMakeFiles/cmTC_fccf3.dir/CheckSymbolExists.c.o  -o cmTC_fccf3 -rdynamic 
CMakeFiles/cmTC_fccf3.dir/CheckSymbolExists.c.o: In function `main':
CheckSymbolExists.c:(.text+0x16): undefined reference to `pthread_create'
collect2: error: ld returned 1 exit status
CMakeFiles/cmTC_fccf3.dir/build.make:97: recipe for target 'cmTC_fccf3' failed
make[1]: *** [cmTC_fccf3] Error 1
make[1]: Leaving directory '/home/edwin/Documents/Projects/myworld/build/CMakeFiles/CMakeTmp'
Makefile:126: recipe for target 'cmTC_fccf3/fast' failed
make: *** [cmTC_fccf3/fast] Error 2

File /home/edwin/Documents/Projects/myworld/build/CMakeFiles/CMakeTmp/CheckSymbolExists.c:
/* */
#include <pthread.h>

int main(int argc, char** argv)
{
  (void)argv;
#ifndef pthread_create
  return ((int*)(&pthread_create))[argc];
#else
  (void)argc;
  return 0;
#endif
}

Determining if the function pthread_create exists in the pthreads failed with the following output:
Change Dir: /home/edwin/Documents/Projects/myworld/build/CMakeFiles/CMakeTmp

Run Build Command:"/usr/bin/make" "cmTC_2dbff/fast"
/usr/bin/make -f CMakeFiles/cmTC_2dbff.dir/build.make CMakeFiles/cmTC_2dbff.dir/build
make[1]: Entering directory '/home/edwin/Documents/Projects/myworld/build/CMakeFiles/CMakeTmp'
Building C object CMakeFiles/cmTC_2dbff.dir/CheckFunctionExists.c.o
/usr/bin/cc    -DCHECK_FUNCTION_EXISTS=pthread_create   -o CMakeFiles/cmTC_2dbff.dir/CheckFunctionExists.c.o   -c /usr/share/cmake-3.5/Modules/CheckFunctionExists.c
Linking C executable cmTC_2dbff
/usr/bin/cmake -E cmake_link_script CMakeFiles/cmTC_2dbff.dir/link.txt --verbose=1
/usr/bin/cc   -DCHECK_FUNCTION_EXISTS=pthread_create    CMakeFiles/cmTC_2dbff.dir/CheckFunctionExists.c.o  -o cmTC_2dbff -rdynamic -lpthreads 
/usr/bin/ld: cannot find -lpthreads
collect2: error: ld returned 1 exit status
CMakeFiles/cmTC_2dbff.dir/build.make:97: recipe for target 'cmTC_2dbff' failed
make[1]: *** [cmTC_2dbff] Error 1
make[1]: Leaving directory '/home/edwin/Documents/Projects/myworld/build/CMakeFiles/CMakeTmp'
Makefile:126: recipe for target 'cmTC_2dbff/fast' failed
make: *** [cmTC_2dbff/fast] Error 2


